<?xml version="1.0" encoding="UTF-8"?>
<testsuite xmlns:xsi="http://www.w3.org/2001/XMLSchema-instance" xsi:noNamespaceSchemaLocation="https://maven.apache.org/surefire/maven-surefire-plugin/xsd/surefire-test-report.xsd" name="com.prerepa.accounts.AppTest" time="0.023" tests="1" errors="0" skipped="0" failures="0">
  <properties>
    <property name="awt.toolkit" value="sun.awt.X11.XToolkit"/>
    <property name="java.specification.version" value="11"/>
    <property name="sun.cpu.isalist" value=""/>
    <property name="sun.jnu.encoding" value="UTF-8"/>
    <property name="java.class.path" value="/home/ubuntu/CaneCompanion/AccountsMicroservice/target/test-classes:/home/ubuntu/CaneCompanion/AccountsMicroservice/target/classes:/home/ubuntu/.m2/repository/junit/junit/3.8.1/junit-3.8.1.jar:/home/ubuntu/.m2/repository/mysql/mysql-connector-java/8.0.11/mysql-connector-java-8.0.11.jar:/home/ubuntu/.m2/repository/com/google/protobuf/protobuf-java/2.6.0/protobuf-java-2.6.0.jar:"/>
    <property name="java.vm.vendor" value="Oracle Corporation"/>
    <property name="sun.arch.data.model" value="64"/>
    <property name="java.vendor.url" value="http://java.oracle.com/"/>
    <property name="user.timezone" value=""/>
    <property name="java.vm.specification.version" value="11"/>
    <property name="os.name" value="Linux"/>
    <property name="sun.java.launcher" value="SUN_STANDARD"/>
    <property name="sun.boot.library.path" value="/usr/lib/jvm/java-11-openjdk-amd64/lib"/>
    <property name="sun.java.command" value="/home/ubuntu/CaneCompanion/AccountsMicroservice/target/surefire/surefirebooter15735447854467619754.jar /home/ubuntu/CaneCompanion/AccountsMicroservice/target/surefire 2019-05-01T00-07-06_610-jvmRun1 surefire6948113020178468826tmp surefire_016429046952332122504tmp"/>
    <property name="jdk.debug" value="release"/>
    <property name="surefire.test.class.path" value="/home/ubuntu/CaneCompanion/AccountsMicroservice/target/test-classes:/home/ubuntu/CaneCompanion/AccountsMicroservice/target/classes:/home/ubuntu/.m2/repository/junit/junit/3.8.1/junit-3.8.1.jar:/home/ubuntu/.m2/repository/mysql/mysql-connector-java/8.0.11/mysql-connector-java-8.0.11.jar:/home/ubuntu/.m2/repository/com/google/protobuf/protobuf-java/2.6.0/protobuf-java-2.6.0.jar:"/>
    <property name="sun.cpu.endian" value="little"/>
    <property name="user.home" value="/home/ubuntu"/>
    <property name="user.language" value="en"/>
    <property name="java.specification.vendor" value="Oracle Corporation"/>
    <property name="java.version.date" value="2019-01-15"/>
    <property name="java.home" value="/usr/lib/jvm/java-11-openjdk-amd64"/>
    <property name="file.separator" value="/"/>
    <property name="basedir" value="/home/ubuntu/CaneCompanion/AccountsMicroservice"/>
    <property name="java.vm.compressedOopsMode" value="32-bit"/>
    <property name="line.separator" value="&#10;"/>
    <property name="java.specification.name" value="Java Platform API Specification"/>
    <property name="java.vm.specification.vendor" value="Oracle Corporation"/>
    <property name="java.awt.graphicsenv" value="sun.awt.X11GraphicsEnvironment"/>
    <property name="surefire.real.class.path" value="/home/ubuntu/CaneCompanion/AccountsMicroservice/target/surefire/surefirebooter15735447854467619754.jar"/>
    <property name="sun.management.compiler" value="HotSpot 64-Bit Tiered Compilers"/>
    <property name="java.runtime.version" value="11.0.2+9-Ubuntu-3ubuntu118.04.3"/>
    <property name="user.name" value="ubuntu"/>
    <property name="path.separator" value=":"/>
    <property name="os.version" value="4.15.0-1032-aws"/>
    <property name="java.runtime.name" value="OpenJDK Runtime Environment"/>
    <property name="file.encoding" value="UTF-8"/>
    <property name="java.vm.name" value="OpenJDK 64-Bit Server VM"/>
    <property name="localRepository" value="/home/ubuntu/.m2/repository"/>
    <property name="java.vendor.url.bug" value="http://bugreport.java.com/bugreport/"/>
    <property name="java.io.tmpdir" value="/tmp"/>
    <property name="java.version" value="11.0.2"/>
    <property name="user.dir" value="/home/ubuntu/CaneCompanion/AccountsMicroservice"/>
    <property name="os.arch" value="amd64"/>
    <property name="java.vm.specification.name" value="Java Virtual Machine Specification"/>
    <property name="java.awt.printerjob" value="sun.print.PSPrinterJob"/>
    <property name="sun.os.patch.level" value="unknown"/>
    <property name="java.library.path" value="/usr/java/packages/lib:/usr/lib/x86_64-linux-gnu/jni:/lib/x86_64-linux-gnu:/usr/lib/x86_64-linux-gnu:/usr/lib/jni:/lib:/usr/lib"/>
    <property name="java.vendor" value="Oracle Corporation"/>
    <property name="java.vm.info" value="mixed mode, sharing"/>
    <property name="java.vm.version" value="11.0.2+9-Ubuntu-3ubuntu118.04.3"/>
    <property name="sun.io.unicode.encoding" value="UnicodeLittle"/>
    <property name="java.class.version" value="55.0"/>
  </properties>
  <testcase name="testApp" classname="com.prerepa.accounts.AppTest" time="0.005"/>
</testsuite>